2019-12-07 19:21:28,622:INFO:discord.client: logging in using static token
2019-12-07 19:21:29,557:DEBUG:discord.http: GET https://discordapp.com/api/v7/users/@me with None has returned 200
2019-12-07 19:21:29,557:DEBUG:discord.http: GET https://discordapp.com/api/v7/users/@me has received {'id': '414352738550415370', 'username': 'MSQbots - EPSI edition', 'avatar': 'c6b901546f96be93269c64d5af5071b5', 'discriminator': '1573', 'bot': True, 'email': None, 'verified': True, 'locale': 'en-US', 'mfa_enabled': False, 'flags': 0}
2019-12-07 19:21:29,572:DEBUG:discord.http: GET https://discordapp.com/api/v7/gateway with None has returned 200
2019-12-07 19:21:29,572:DEBUG:discord.http: GET https://discordapp.com/api/v7/gateway has received {'url': 'wss://gateway.discord.gg'}
2019-12-07 19:21:29,586:DEBUG:websockets.protocol: client - state = CONNECTING
2019-12-07 19:21:29,610:DEBUG:websockets.protocol: client - event = connection_made(<asyncio.sslproto._SSLProtocolTransport object at 0x0000022BAA8086A0>)
2019-12-07 19:21:29,833:DEBUG:websockets.protocol: client - state = OPEN
2019-12-07 19:21:29,833:INFO:discord.gateway: Created websocket connected to wss://gateway.discord.gg?encoding=json&v=6&compress=zlib-stream
2019-12-07 19:21:29,833:DEBUG:websockets.protocol: client < Frame(fin=True, opcode=2, data=b'x\x9c4\xc9A\n\xc20\x10\x05\xd0\xbb\xfcu"\x89\xe8\xc2\xb9JS\xca\xd8\x0e5\x98\xa6%\x9d*\x12rw\xdd\xb8{\xf0*\x14\x94\x8f\x94\x0c\xf6?\xd6\r\xe4\x9d\xc1\x04\xaax\x08\x17\xbd\x0b\xeb\x10\xb3Jyq\x02]\xfc\xf9\xfa\xfbA\x0b\x8f\x02\xea\xd0\x05\xcc\xac\xf2\xe6\x8f\xdd\xcad\x17\x8e\xd9\xfa\xf9y\x0b05`\x89cY\xf7\x00r\'\xd7z\xf4\xad}\x01\x00\x00\xff\xff', rsv1=False, rsv2=False, rsv3=False)
2019-12-07 19:21:29,833:DEBUG:discord.client: Dispatching event socket_raw_receive
2019-12-07 19:21:29,833:DEBUG:discord.gateway: For Shard ID None: WebSocket Event: {'t': None, 's': None, 'op': 10, 'd': {'heartbeat_interval': 41250, '_trace': ['["gateway-prd-main-1gk9",{"micros":0.0}]']}}
2019-12-07 19:21:29,833:DEBUG:discord.client: Dispatching event socket_response
2019-12-07 19:21:29,833:DEBUG:discord.client: Dispatching event socket_raw_send
2019-12-07 19:21:29,834:DEBUG:websockets.protocol: client > Frame(fin=True, opcode=1, data=b'{"op":1,"d":null}', rsv1=False, rsv2=False, rsv3=False)
2019-12-07 19:21:29,834:DEBUG:discord.client: Dispatching event socket_raw_send
2019-12-07 19:21:29,834:DEBUG:websockets.protocol: client > Frame(fin=True, opcode=1, data=b'{"op":2,"d":{"token":"NDE0MzUyNzM4NTUwNDE1Mzcw.XdWaXQ.MF32cw9A9QZRpQxTkiMi43MeX3w","properties":{"$os":"win32","$browser":"discord.py","$device":"discord.py","$referrer":"","$referring_domain":""},"compress":true,"large_threshold":250,"v":3}}', rsv1=False, rsv2=False, rsv3=False)
2019-12-07 19:21:29,834:INFO:discord.gateway: Shard ID None has sent the IDENTIFY payload.
2019-12-07 19:21:29,941:DEBUG:websockets.protocol: client < Frame(fin=True, opcode=2, data=b'\xaa\xc6e\xab!\xd8V\x90@-\x00\x00\x00\xff\xff', rsv1=False, rsv2=False, rsv3=False)
2019-12-07 19:21:29,941:DEBUG:discord.client: Dispatching event socket_raw_receive
2019-12-07 19:21:29,941:DEBUG:discord.gateway: For Shard ID None: WebSocket Event: {'t': None, 's': None, 'op': 11, 'd': None}
2019-12-07 19:21:29,941:DEBUG:discord.client: Dispatching event socket_response
2019-12-07 19:22:02,508:DEBUG:websockets.protocol: client < Frame(fin=True, opcode=2, data=b'\xc2\xa5\xc6\x12\xac$-1\xa78\xb5\x16\x00\x00\x00\xff\xff', rsv1=False, rsv2=False, rsv3=False)
2019-12-07 19:22:02,508:DEBUG:discord.client: Dispatching event socket_raw_receive
2019-12-07 19:22:02,509:DEBUG:discord.gateway: For Shard ID None: WebSocket Event: {'t': None, 's': None, 'op': 9, 'd': False}
2019-12-07 19:22:02,509:DEBUG:discord.client: Dispatching event socket_response
2019-12-07 19:22:02,509:INFO:discord.gateway: Shard ID None session has been invalidated.
2019-12-07 19:22:02,509:DEBUG:discord.client: Dispatching event socket_raw_send
2019-12-07 19:22:02,509:DEBUG:websockets.protocol: client > Frame(fin=True, opcode=1, data=b'{"op":2,"d":{"token":"NDE0MzUyNzM4NTUwNDE1Mzcw.XdWaXQ.MF32cw9A9QZRpQxTkiMi43MeX3w","properties":{"$os":"win32","$browser":"discord.py","$device":"discord.py","$referrer":"","$referring_domain":""},"compress":true,"large_threshold":250,"v":3}}', rsv1=False, rsv2=False, rsv3=False)
2019-12-07 19:22:02,509:INFO:discord.gateway: Shard ID None has sent the IDENTIFY payload.
2019-12-07 19:22:06,203:DEBUG:websockets.protocol: client < Frame(fin=True, opcode=2, data=b'\x9c\x93M\x8f\x9b0\x10\x86\xffJ\xe4sV\xb2\xb1\xc7\x86\xde*u\x0f=\xac\xb4\x1f\xa7j7\xb2\x0c\x0c\x89%\x02\x08\x9b\xad\xd4U\xfe{\xc7$\xb4\r\xd1^*.fx\xde\x99w\xc6\xc3\xcc\xb0\xe7\xfb\xaf\xdf~\xb0\x19\x13gf1\xff\xce\xbe\xe8-\x9b\x02\x8e6`\x8c\xbe\xdb\x13\xf3q:\x87f\x00G\xdfx$8\x8e\x13\x9e\xe3\x9d;RS\xec\xe1\xe5\xa9\xecc\xd8\xdcm\xee\x1f_\xbeo\xb0\xf6\xd1\xf7\x1d\x9596\xceb\xe7\xca\x16\x17\x1f[\xe6\xe9\xc8\x94P\x122#s\x00\xae\x04H\xc3\x89F\x1aF\xbb\xf8\xaf}\xa8F\x7f\xf4\x9d\x8b=\xd5g\x02\x8c$\x86\xea,\x06\xdc\xbb\x8b.}\xaatYp\x01J7\x85.\xb1\x90\x99.*\xadjp\rp#J`\xd4E\xc0\x10\xc8\x93\x9d\xabW\xa5\x10h$\xa1\x92g\nJP\xa6T\xb2\xd1\\\xd72\xe3\x05R\x9d\x11[\x97\x9a\x08\x07?\xd0 ^w[6\x8c\x9e*\xa2\xad\x0e\xae\xeb\xb0\xfd\x13\xc5\x80]\x85\x97\xd7\xfd\xe4\xdb:\x9d?\xd8\xd4\x91C\xdf\xa6\xee\x17\xcbs\xf5Lq\xa02\xb209\xd0r\xe4B\x93\xc1\xcfqP*\xcf\x89\xd7B\x12l\x04\xa7~v\xff\xb1Q\x124\x08.\xb6o\xacrm\x9b"$LS\xeeIt\x19O\x983\x88;an\xc5\x92\x8b\xe2Z\x1ch\xfc\xd1^\xa47\x02(t\xce\xaf\x05n\xf0\x7f-\xca\x01\xd4\xadH\x83ZY\xdcc\xb4i\xd7V\xacP\x85\xd1\x1aN\x04\xbb\xba\xb6n\x8a\x87~\xf4\xbf\xb0\xb6~X\xa1&A)\xcd\xf9r\xd6\x89@(\x9d\x08\x1aD\x1f\xecO\xe7\xe3\x8a\x80\xd3\x8e\x9e\x94c\xd6\xdb\xaa\xa7\xfb\xaf\xd6T\xf6\xaf\xed\x19_V\xe3\x13\x81\xb8\x16\xccO\xfa\xe3\x7f\x03\x00\x00\xff\xff', rsv1=False, rsv2=False, rsv3=False)
2019-12-07 19:22:06,204:DEBUG:websockets.protocol: client < Frame(fin=True, opcode=2, data=b'\xacW\xcb\x8e\xdbF\x10\xfc\x95@\xd7X\x8byqf\xa8S\x00\xc70\x02\xe4\x94\xac\x8f\x01A\x91C-m\xbe\xcc\xc7n\x94\x85o9\xe7\x17r\xf6w\xf8\x87\xf2\t\xa9\x99\x11)jEY\xeb\xc7m\xb5\x1c\xb2k\xba\xab\xaa\xbb\xbdR_\xbf\xf9\xe5\xd7\x9f\xa3\x97\x10\xec\xed+/Xv*\xd8\xb8i\x8a<q$u\xac\xf6\xb2i\x87\xc2t#Eg\xff\xef\xf6]o\xca\x85\x07\xa9\xc9\xe2\xa1\xe8\xa3\x12e\x8cw&\xaa\xea\x1e2\xf7\xdf\xed\\\xb4\'\xaffE\xbc\xf3\x0f\xde\xd6y\x85|\xc7\x16.\x03;\xd6\x94\xac\x89\xbe%zC\xd8\x86\x90\x1b\xc1(!\xe4GB\xf0\xc3\xc9\xbb~\x9b{i\xb4u1\n\xa65\xef\x87\xbc\xb59*\\@\xcf\xfc\x83\xb1\xdc\x99\xc1\xbaH\\\x01\xd9\x13\x07\xe1\x90\x82T4$"dJ\t\xe1B\x9c)(\xae\xf2\x12\xda\x98\\\xf0\xc5\xf3cG\xd1\xe7B+\xaa\t\xe1\x0cZ\xd6\xd0\xe7sB#^\x9c\xbd\x8b\xfa\xbc4\xf5\x80\x94qB\x9c{\x94\xf9PF\xdd\xb0\xb5v\xd7\xb8j&\xf5P\xf5.\xc3\xe3\xe3>\xb7\x1eL,\xe2\x9du\xd6\xcd\n\x80Sg\xb1s\xffy\x9c\xcc\xda\x1b\r\x0f\x94\x82\xa2\xb8\xe6:T!Q\xd29a\x1f\xf7\x03N\xaf\xd2*\xc5\xfb;w[\xcf\x85\xa4\xc8M\x05E\x1fN<\x82\x1c\xdd\xbb\xde\x92\xce\x1d\xc6\xcbq\xd2\xe7\xf7pw\x9fAg[\xf3\x88\x0b\xb6>\x8fXW\x05\x18s-\xe8\x83\xd9\x1e\xcf\x9e\xc7\xf4\x9e\x9b\x99\xb6\x05\xf7\x8a\x1a\n\xb2\xd52\xd5\xfa\xcd\xef\xab\xa9x\xbd\xe9z\xfc:\xf1\xd4C\t\x8b\xf8\xaf\xfdX\xa3\xae)\xe2\xeenDb\xcbs.\x90\x99\xddC\x99\xfb\xc6\xb8B +y2\x89\xce\xb6\x85\x02\xcd\xaa\x8f\x1a\xf4O\x9f\x12[\xbe\xba\xf3\x9d\xd0\xfd0m\x99\xfb&T\xa3\x97>\xb4y?\xf2\xf0\x00zg*\xd3bh\xb0\x18;|*\xaf\x1c[\x90\x99\xb2\x19%F\xc25\x0bn\xa9\xd8\x04j#\xf8M\x10\xa8\xb9\xc4\xdc{\xa3\x92]Ed\xc0P{\x8a\xf6A\x88\x08\x14\xe3ru\xa5\r\xd9\t\xc0\xdd\xc5\xdf\xd3]\x98}\xf1]^OwY\x0e\xa6l/\xcf{\x9b9\x0c\x1eP/\xb1\xc1\xbf6\xbd\xec9\x90\xca\xb4YN\x91\x90\x92\xc1J\xa0\x14\x06Y\x07!\x1bQ\x83\xc4*\xa0!\xb3d&\\qAV\xdf\x82\x92?\x07%\x06\x9c\xf5\x81\xbd\x97\xaa\xa9\x95fT\xa1\x9a\x8a\x88\t\xaa\x0c\xb4\x08x\xa0\x99\xa4\x9a\x85R\xd0o\x82J\x9f\x03\xb5\xa9\x87v]\xc4k\xbc\xd6\x7f\xfa\x88\xe7\x9f>.\xa3\xb6\xb0\xb4\x80g\n\x11\x04\\\xb8A\xce\xa3\xd6\xda\x9a\x05\x93\x12\xd9\x0fC\x11H7\xdbd\x98\xa1\x87v\x8cv_\xe7\xe8\xa1\xd6\x1f\xc6\xffl\xad"\xdb\xe96\x07C\x7f\xbc\xc4Q;\xec\x12\xc1\x99\x90\x8aO\xe0\x7f2\xb8\xd4\xbevvT\xc2\x80p\xee\xc4&\x16\x9d\x7fA3/Vwu\x8er\x8d\xe7l/\xb1\xd9\xb4\xd9\xbf\x90\xcf#\x1eM\'<\x95y\xf8\xc1\xde\xe4K\xe1\xa0\xc9*\xa5\xc2\x10> 4\xf9J8L\n%\xf5\x84\xc5\xce\xf39\xe6\xf9\xdfLS\xb7\xd8d\xaea\x9aM\xab\x82\xc8\x10\x95&\x014\xadQR\xa2/C\xfa\xc3\x92\xa5\xdd\xcd>\x88u\xa1@]\nW@\xf3\xa7\x1dp\xc0Q\x8cO\xbdm\x11Y^\xf4\x07\xa6\xde\xa3\xbb\xf6\xfbhh\x0b<M\xcdq\x98\x99\xba\xe8|\x8f\xb0\xfc\xddG\xa7f\x7f\xb9\x9e~\xd19LVG8\xa5)\xb7\xa6=m\xb3\xb3\x1d\xe8\xbf\x7f\xff\xf9\xfb\xa5\x8b\x9dt\xf6\xef\xc9\xf9\xce\x9b\xf0\xf9r\xc3C)W\xb3\x8d\x06g!\x93Tr\x11\x1b-\x95!*f!\x14D\x19E\x91\xb9\xb2mq\xa4\xfd\x12\x0b\x90\xd9r\xe8\x8f\x89}2\xa9I;\xa9\xd96\x82\x1e\xa27L\xdd\xd0@\xcf\xdb\x88\xab\x17\xce;>N\xa9\x8d\xb3\xd9\x14\xb5\x90\x01\xbf\x05\xae\xe6D \x8a1\xdc8\xd0\xd4\x13\xe1\xec\xdeZ\xb1\x0bK\xdd\xd6H\xa5bn\xa8\x0e9I\x85N\xa8\x92T$T\x02\x07\xcf\xd4\xf6$\x05\x0b\xac\xbb\x92\x02\xbd&t\xcd\xd4-cX\xd17\x84\xdf0\xa6\xbeW\n\x16\x16\xe1\xcbK\xefw\xdesg\xd3\xed\xe7\xae\x7fmV\xbfv}|\xbe~\x80\x07G\x979\xee\xf52\x0e\xb30\xde<q\x93\xeb6\xcct\x1a\xc7\x8ce\xa0+\x0b\x128!\x97[\xc9\xa8\xd9\xc6&\x95l\xf5\xe1\xc3\xff\x00\x00\x00\xff\xff', rsv1=False, rsv2=False, rsv3=False)
2019-12-07 19:22:06,204:DEBUG:websockets.protocol: client < Frame(fin=True, opcode=2, data=b'\xdc[\xcbn\x1bG\x10\xfc\x95\x85.N\x0e"fz\xde\xba\x99\xb0\x9d8\x88\x1f\xb1\x15\xe4\x18\xcc\xee\x0ee\xc24)P\xa2\r\x1b\xf0\xc9\x9f\x90\x9f\x88O\xf9\x08\xfdXj\xf8\xe6r\x96\xdc]1\x89\x11\x18\x10$C^V\xf7tWW\xf5\xac\xeb\x1c\x908\xb1\x03\xc2d\xe2\x0ce\x16\x9bMI\'\x9d\x88\xa9?\xb1#\xe24\x97k\xec\x82\xa8\'\xb8I:\xa2\xd3z\x830;\xff\xb0P\x10\x07\xcc\x01\x04\rGCA\xf9\x08\x01F\xb1$;H\xf5\x8d?\xa8\x95\xebU\x8b\xc0\x95\x13R+#\xb9\x96\xb0nd\xed\xbf\xf3\xb9\xdf\x8c5\xb9\xc4\xd1\x0c\xc7WY\x7f\xf2\x8f8\x94\xa4~\x97\xad\xc5r\xff\xc5e\xf6\xe4\xc5\xaf\xaf\x1e\xbe^\xb1\x97&0\x93v\x98\x95Zb\\\x08M\'\x95\xf0\x87]\xc5\xb5\x9f\xc6\x93\xa8\x07\xb2\x84\x1dn\xae}\x11\xce\x17s(\xa9\x9f\xd1\xe7`+hdR\x8as\xb5\x13\x1d\x9aS\x80\xc3\x1c\x97\xea\x90\x1b\x92\rq\xaf\x92q\xb6\xd4uu\xeb\xbcH9\xe3\x8fQ\x14\x12\x1e\xedG\xa3\xc9\x87\xa5<ZF5\x1c\x0f&\xd3wK\x02Z\x01\x9eS\x97\xe2">\xcc8\xa1Y\xf28\x8e\x07\xd0H\xea\xfb\x12\x13\n#!>}6\xad\x80\xd0hf\x05g\xa2\x95r\'\xad\x89\x03\xd0\xda\xe6\xd62e\x80V\xd1:\xc1Z+=O\xf2Nm\xa5\xb2\xba\xcaAQ\xcc\xc2p\x94.,A\xcaq\x83\x92\x82\xac\x07\x9d*\xdaM\xd1\xce\x88I\xa5\x04\xfa\xf1\x8f/\xd9\xab\xbb?\xafF!j\xed\xac\x9ce\xcb\xe5lvq\x1d?\xe7\xc3\xf0\xf6\xcd\xef\x05\x14\xef\xc5\xd9=-q\xdb\xdc\x114\xe5:m\xb1H\xdbdm:\x0f\xe9&\x95\xb5-!\xbex\x82%e\x1d\x94\x9c1\x9c\xd2YzZ\x0c\xb3i\xb8\x9dNf\xef\xc3\xa7\xec\x16\xc32\xdcdx|\x06\x06\x9c\xc4A\x97\x85q\x16Y\x1b\x7f\xf3>\x14\xd9\xe8A\x14b\x8d\x12v\xc0\x9d\xdf\xbf\x91\x1b\xd7\xd82\x8cf\xe9\x82\xdc\xd5\xd2a\x9c\xb9tQ5\xed3\xf9-\x84\x1e?\xe0\xbc\x0c0\x95\xe5\xdcq\x1e\x8f\xdfY\x06\xdb\xe3\x8c4N\xde+~\xd5|\xf6\xa4\x08o\x9f#\x17\xa2\xffh\x046\x9a\x15\x8a\xdf \xa3\xdf\xf6\xe6#y\xe4MV\rT\x05\x14\xcd\x97\xc4\xe3\xd8Fk\xcc\xa7u\xd3\rCD\xe28w0\x95LX<Kn\x90,~m\t\x84+\xd8Z!\xe8\xf0\xea\xc3n\xc3\xc8~\x0eOF\xc3\xeb\x16h4Yh\xc9\x18\x11\xb3\xca\xe0\x8fl\x9a\x17Q\xcd\x0b\xc4\xb8\x838Vn\x8d\xe8E\xb4XmN)V\x95ax\x90\xb5\x1a\x12\x89,\xaf\xc9\r\n\xd8)Q\x85DiH\x98kkH\x0fw\x84@{lDx\xa8\xd4\x02g\xc8Za\xdb\xdb\xa0\x114\x1a\xa7\xad\r\xda\xcb\xe9d\x80f\xeb\x04K\xc4\xed)\x8f\x1aP\xd5\x97\x13\x19\xa3\xb5\xa9\x94\x93K\xe2b\xb4IY\xff\xd1\xe3*\xa0\xc5\x83\x0f\xe1\x89Kg\x8c]8\xb4Z<\xe0!\xce\xac\xad\xe0\xb1\xfb\xfd\xcf\xadSl\x83\xe7)\xb5\x86#\xa3\xae\x81i\x82\xc5\xa7\x1a8\xd1\xfd\xbb\n\x16\xd3\x00K\xf6\xf8\xf9\x0f\xed\xf1XM\xd0SL\x81=[\xe0Q\xc7\xf1\xf0\xd6X\x141\x82k\x88k\xb5\xba\xdc\xa0\x8bHW\xb0\xc8\x06X:\xe5FI\x03\xbaWz\x97\xa3\x8f\xe2\xd1G\xf1\xfc\xf6\xf4\xb5j\x8f\xc6\xc6a\x11\x89X\xeaz\x9eF}\x99\xea\x8a\xba\xca\x8fI@\xb25 \xad\x99\xe5R0#\xc8\xd6\x01\x02\x7fj\xc9\xab\x83\xa3\xca\x8e\xfb\x80\xfa\xa25\x1cXN0!J\xd9\xd9\xba\xfc\xc4\xdc\xa8\n\x96\xc4}\xc2\x1e\x96N\xd5c\x04Gn\xac\x8c\x84\xd8\x02OBu\xec\x1fV\x87\xec@\xe1\x1a\xcb).\x92\xeb\x0eK\xc0m9\xaa\xb4\xfa\x1e+\xef\xe7\xa7=\x0bZ\x82/!E\x92kQ\x83\x06XTeB\x1c\'\xe4~7\x12\x84h$\x8a<\xa8m\xdd(M\xc09\xce\xc98\xa9\x0e\xb918\x03P\x0ff_m\x9f\x13\xce\xca2\xbe\x8b\xe78\xef\xf4[s2\'\x8d6\xd7\x10\x1bZ\xd7\xa1!p\xa4\xd8\x85r\x9c\x92\x91\x9a\x0e`\x1c\x19\xa1%\x83c\xa8\x9d\xe5\x18!\x10=\x95\xd4$\x18\x10\n\\\x19\xb3\xc6\xf3\xe8\xee\xeb\xe8\xee\xeb\xd5l~\xf1\xdaN\xf2p\x11e\x96\x8e\x974\xf5\xb7\x98\xe0m)EU\xf3\x1c\x1f\xa3\xfdN\xa3\x0b}\x0cIc\x85AU\xd7\xb5{\xe2\xd8\x12\xbc\\q<\xcf\xe3\xba\xc0\xcfZ\xe3\xb1,^\xb8\x0b\x17I\xb1Nf\x08\x82b\xaf\xd2\xe1\x9e\xe5\x81\xd3s\xa0\x8d\x8dX}\xf6\xfa\x97~\xbc)\x8a\xeb\x89\x077\xdb\xafL65\x1eq\xe3\xc4b\xda\x05\x06\xa8\xe1\xee\x80\xf1\xf8\xef/Z\x93\xf6\xb1\xdbE\xab\xff\xf8n\xfcn\xbd\x81L\\c\xec\xdf\xa99\'w\xaeW\x9d\x07\x8d[\x94\xb6\x0cy\x19T0\x03\xe1J\x13\x94\t6\x0c|\x10\x95\x8b\xb4\xf1\xb0x\x8b\x7f5\n\xd9t2\xcc\x10z\x96Of\x9f&3Dyv\xec\x9a\x8d\xd1\xf2\x02\x88sx\x85^\x0c\xfd\xde\xb7\x8c}\x7f3\xdc,c\x12\x17*\xfb\x19\x90(\xe5\xed\x0c\xe8B\x15\xf1}\x8c\xdc\x0c\x8c\xf0.\x0c$\xe5yY\x16\xa2\xb4\x05\x05\x9f\xb7\xbaJd\xe2\x9c\x161j\x94z\x8f\xda]%\xa6c\xbc|\x13~\x9a\xc5E\xde\xb3\xf5E:\xa8O\x81d\xb8U\x90\xf6\xcb\x97\x1d\xf6nO\xcd\xdc\x10\xac\xe3,\x03A\xd2\x0c\xca L\x9e[\xce\xf9\x80)\x9dk\x9cr\xa1tQ\xb8vq\xcas\xe6.\x99\x81\xc9\xba\x90\xb6\x07\x9a9\xc1YN\xf2\xecG?\x9d\x0eo\xb2\xef\x9e\x0f\xd1\xb1\xfe\xee\xaf\xefW!\xc7\x9d\xb1\x86\x17\xd4q/\x8a\x1fl\xf2\xdd\x01.\xddv\xc8\xac(\xf4@\xbb\xc2\xb0\x1c\xd4\xedK\xb0\x97\x01\xc9c\n\xf1\x02?\xb1\x8e!\xbb\x0b\x92=\x12\xee\xfftI\x9e"\xd1&\x17\xe7\x07\xaet\xbb\xa5\xa4\xf4\xd3\xb7~|\x15F\x9c\xd6\xefFI\'\xb4\xb3\x02\xbc\x86\xca\x87\x12\x9e+\xe0j"4\x9c\xd3\xf6\xe1{\xe9\x07\x03\xd8\x17\x0fK\xe5\x9d\xb6!\xc7\xd7|P\xca\\\x176\x0f]\x0f\xdf\xc6\xc3G\x19\xde?\xd2\xdb\xe1\xedd\xe6\xc7\xbd5\x81+\x86\xbe\xc6\xb8\xd6\xdci#i\xb1\xef\xa8\x86\x19\xe7\xe7V\x98\xf3\xff\xf4\xd0\xb5qe\xcf\x9c\xa2\x8a\xe3\xb6\xf0\xe5t2\x9e\xdc\xee\xae\xc5\x95\xd2x:D\xb9B,\xa9vu\xf3\x08\x93\xa5K\xae\x14B\xca\xdc\xa9\x00Ff\xceP>( \x1cJ\x83\xe2-\xf5N\xe9&\xd6\xa0\xc7\xf3\xb0\x1aFR\\0\xd9\xd3\xf2\xc0\x81\xa6\xf7\xac\x8d\xf2r\x8bI\xb9\\\xa3\xae\xdeM\x84\xd6\xb4\x84\x9e\x86K\xd0h\xdeD^\xc88^\x93\x17U\x16!04*hP\xfa\x929T\xb7\xcfAp>\x87\xac&\xbb\xdb\xd2\xfb\x0b\xd9F\xef\xc2\xf0K\x1e\xfby\xde\xd2\xb1<\xba\xbe\x0b\x93\x14$\xbb\xef\xc2\xb8\xf5\xbb0\xce\x97\x1e\x07\xae\xc0W\x85\x03k\xe3\x9bR\x14\x85\x17\x9e<\xcbUq\xf6\xf9\xf3\xdf\x00\x00\x00\xff\xff', rsv1=False, rsv2=False, rsv3=False)
2019-12-07 19:22:06,204:DEBUG:discord.client: Dispatching event socket_raw_receive
2019-12-07 19:22:06,204:DEBUG:discord.gateway: For Shard ID None: WebSocket Event: {'t': 'READY', 's': 1, 'op': 0, 'd': {'v': 6, 'user_settings': {}, 'user': {'verified': True, 'username': 'MSQbots - EPSI edition', 'mfa_enabled': False, 'id': '414352738550415370', 'email': None, 'discriminator': '1573', 'bot': True, 'avatar': 'c6b901546f96be93269c64d5af5071b5'}, 'session_id': 'cb11e73e9330245b547b43f606d3209e', 'relationships': [], 'private_channels': [], 'presences': [], 'guilds': [{'unavailable': True, 'id': '240532039785250816'}, {'unavailable': True, 'id': '544883206135087105'}], '_trace': ['["gateway-prd-main-1gk9",{"micros":3565101,"calls":["discord-sessions-prd-1-17",{"micros":3563019,"calls":["start_session",{"micros":3559680,"calls":["api-prd-main-3p54",{"micros":3556541,"calls":["get_user",{"micros":1497665},"add_authorized_ip",{"micros":7},"get_guilds",{"micros":15146},"coros_wait",{"micros":5}]}]},"guilds_connect",{"micros":2,"calls":[]},"presence_connect",{"micros":1,"calls":[]}]}]}]']}}
2019-12-07 19:22:06,204:DEBUG:discord.client: Dispatching event socket_response
2019-12-07 19:22:06,204:INFO:discord.gateway: Shard ID None has connected to Gateway: ["gateway-prd-main-1gk9",{"micros":3565101,"calls":["discord-sessions-prd-1-17",{"micros":3563019,"calls":["start_session",{"micros":3559680,"calls":["api-prd-main-3p54",{"micros":3556541,"calls":["get_user",{"micros":1497665},"add_authorized_ip",{"micros":7},"get_guilds",{"micros":15146},"coros_wait",{"micros":5}]}]},"guilds_connect",{"micros":2,"calls":[]},"presence_connect",{"micros":1,"calls":[]}]}]}] (Session ID: cb11e73e9330245b547b43f606d3209e).
2019-12-07 19:22:06,204:DEBUG:discord.client: Dispatching event connect
2019-12-07 19:22:06,204:DEBUG:discord.client: Dispatching event socket_raw_receive
2019-12-07 19:22:06,204:DEBUG:discord.gateway: For Shard ID None: WebSocket Event: {'t': 'GUILD_CREATE', 's': 2, 'op': 0, 'd': {'application_id': None, 'rules_channel_id': None, 'system_channel_id': None, 'default_message_notifications': 0, 'system_channel_flags': 0, 'joined_at': '2019-10-08T08:02:00.421000+00:00', 'emojis': [{'roles': [], 'require_colons': True, 'name': 'heu', 'managed': False, 'id': '387167190492774400', 'available': True, 'animated': False}, {'roles': [], 'require_colons': True, 'name': '__', 'managed': False, 'id': '387171800322408448', 'available': True, 'animated': False}], 'afk_timeout': 300, 'premium_subscription_count': 0, 'premium_tier': 0, 'region': 'london', 'presences': [{'user': {'id': '235775653838979076'}, 'status': 'dnd', 'game': None, 'client_status': {'desktop': 'dnd'}, 'activities': []}, {'user': {'id': '414352738550415370'}, 'status': 'online', 'game': None, 'client_status': {'web': 'online'}, 'activities': []}], 'preferred_locale': 'en-US', 'name': 'test', 'unavailable': False, 'lazy': True, 'splash': None, 'afk_channel_id': None, 'channels': [{'type': 0, 'topic': None, 'rate_limit_per_user': 0, 'position': 0, 'permission_overwrites': [], 'name': 'general', 'last_pin_timestamp': '2019-09-25T14:57:43.557000+00:00', 'last_message_id': '652897120600457236', 'id': '240532039785250816'}, {'user_limit': 0, 'type': 2, 'position': 0, 'permission_overwrites': [], 'name': 'General', 'id': '240532039785250817', 'bitrate': 64000}, {'type': 0, 'topic': None, 'rate_limit_per_user': 0, 'position': 2, 'permission_overwrites': [], 'name': 'mdp', 'last_message_id': '646626715652718592', 'id': '504751925041037340'}, {'type': 0, 'topic': None, 'rate_limit_per_user': 0, 'position': 3, 'permission_overwrites': [], 'name': 'bot-test', 'last_message_id': '652897878217457704', 'id': '565845358261829641'}, {'type': 0, 'topic': None, 'rate_limit_per_user': 0, 'position': 1, 'permission_overwrites': [], 'name': 'pour-la-postérité', 'last_message_id': '635828417144553473', 'id': '588738526615699456'}], 'features': [], 'voice_states': [], 'banner': None, 'roles': [{'position': 0, 'permissions': 104324673, 'name': '@everyone', 'mentionable': False, 'managed': False, 'id': '240532039785250816', 'hoist': False, 'color': 0}, {'position': 1, 'permissions': 104324681, 'name': 'new role', 'mentionable': False, 'managed': False, 'id': '240542177799700480', 'hoist': False, 'color': 0}, {'position': 1, 'permissions': 264768, 'name': 'MSQbits Reporter', 'mentionable': False, 'managed': True, 'id': '406941705640869908', 'hoist': False, 'color': 0}], 'large': False, 'mfa_level': 0, 'explicit_content_filter': 0, 'vanity_url_code': None, 'description': None, 'discovery_splash': None, 'id': '240532039785250816', 'verification_level': 0, 'members': [{'user': {'username': '🎄Criptics🎄', 'id': '235775653838979076', 'discriminator': '3966', 'avatar': '838347d634ae867e07a2984112148037'}, 'roles': ['240542177799700480'], 'mute': False, 'joined_at': '2016-10-25T17:48:27.158000+00:00', 'hoisted_role': None, 'deaf': False}, {'user': {'username': 'MSQbot', 'id': '406940722076581908', 'discriminator': '3872', 'bot': True, 'avatar': 'be677a3e18930d48c17614c16eaf3f7b'}, 'roles': ['406941705640869908'], 'mute': False, 'joined_at': '2018-01-27T22:41:03.227000+00:00', 'hoisted_role': None, 'deaf': False}, {'user': {'username': 'MSQbots - EPSI edition', 'id': '414352738550415370', 'discriminator': '1573', 'bot': True, 'avatar': 'c6b901546f96be93269c64d5af5071b5'}, 'roles': [], 'mute': False, 'joined_at': '2019-10-08T08:02:00.421000+00:00', 'hoisted_role': None, 'deaf': False}], 'owner_id': '235775653838979076', 'member_count': 3, 'icon': 'b9f8daa22f99725c04336b621ebaed62'}}
2019-12-07 19:22:06,205:DEBUG:discord.client: Dispatching event socket_response
2019-12-07 19:22:06,205:DEBUG:discord.client: Dispatching event guild_available
2019-12-07 19:22:06,205:DEBUG:discord.client: Dispatching event socket_raw_receive
2019-12-07 19:22:06,206:DEBUG:discord.gateway: For Shard ID None: WebSocket Event: {'t': 'GUILD_CREATE', 's': 3, 'op': 0, 'd': {'application_id': None, 'rules_channel_id': None, 'system_channel_id': '631067783475494933', 'default_message_notifications': 0, 'system_channel_flags': 0, 'joined_at': '2019-10-12T14:50:22.317000+00:00', 'emojis': [], 'afk_timeout': 300, 'premium_subscription_count': 0, 'premium_tier': 0, 'region': 'eu-west', 'presences': [{'user': {'id': '103161462633037824'}, 'status': 'online', 'game': None, 'client_status': {'desktop': 'online'}, 'activities': []}, {'user': {'id': '159346574164492288'}, 'status': 'online', 'game': None, 'client_status': {'desktop': 'online'}, 'activities': []}, {'user': {'id': '414352738550415370'}, 'status': 'online', 'game': None, 'client_status': {'web': 'online'}, 'activities': []}], 'preferred_locale': 'en-US', 'name': 'Testing Bot', 'unavailable': False, 'lazy': True, 'splash': None, 'afk_channel_id': None, 'channels': [{'user_limit': 0, 'type': 4, 'position': 2, 'permission_overwrites': [], 'name': 'BOT FOURAS', 'id': '625736939764580362', 'bitrate': 64000}, {'type': 0, 'topic': None, 'rate_limit_per_user': 0, 'position': 0, 'permission_overwrites': [], 'parent_id': '625736939764580362', 'name': 'espace-bot', 'last_message_id': '652549357182255115', 'id': '625737003383914516'}, {'user_limit': 0, 'type': 4, 'position': 0, 'permission_overwrites': [{'type': 'role', 'id': '544883206135087105', 'deny': 1024, 'allow': 0}], 'name': 'informations', 'id': '631067513832079360', 'bitrate': 64000}, {'user_limit': 0, 'type': 4, 'position': 1, 'permission_overwrites': [], 'name': 'administrateurs', 'id': '631067674155286559', 'bitrate': 64000}, {'type': 0, 'topic': None, 'rate_limit_per_user': 0, 'position': 1, 'permission_overwrites': [{'type': 'role', 'id': '544883206135087105', 'deny': 805763152, 'allow': 66560}], 'parent_id': '631067513832079360', 'name': 'accueil', 'last_message_id': '632591755132403752', 'id': '631067783475494933'}, {'type': 0, 'topic': '📃 Règlement du discord :page_with_curl:', 'rate_limit_per_user': 0, 'position': 2, 'permission_overwrites': [{'type': 'role', 'id': '544883206135087105', 'deny': 2048, 'allow': 1024}], 'parent_id': '631067513832079360', 'name': 'règles', 'last_message_id': None, 'id': '631067825896947712'}, {'type': 0, 'topic': "Ici retrouvez toutes les annonces en liens avec l'EPSI", 'rate_limit_per_user': 0, 'position': 3, 'permission_overwrites': [{'type': 'role', 'id': '544883206135087105', 'deny': 1024, 'allow': 0}], 'parent_id': '631067513832079360', 'name': 'annonces', 'last_message_id': None, 'id': '631067856464904193'}, {'type': 0, 'topic': None, 'rate_limit_per_user': 0, 'position': 4, 'permission_overwrites': [{'type': 'role', 'id': '544883206135087105', 'deny': 1024, 'allow': 0}], 'parent_id': '631067513832079360', 'name': 'role-demander', 'last_message_id': None, 'id': '631067980217974794'}, {'type': 0, 'topic': None, 'rate_limit_per_user': 0, 'position': 5, 'permission_overwrites': [], 'parent_id': '631067674155286559', 'name': 'administration', 'last_message_id': None, 'id': '631068086921068544'}], 'features': [], 'voice_states': [], 'banner': None, 'roles': [{'position': 0, 'permissions': 104324673, 'name': '@everyone', 'mentionable': False, 'managed': False, 'id': '544883206135087105', 'hoist': False, 'color': 0}, {'position': 20, 'permissions': 201845440, 'name': 'Bot', 'mentionable': False, 'managed': True, 'id': '544891195810381844', 'hoist': True, 'color': 15158332}, {'position': 1, 'permissions': 8, 'name': 'Bot LeFlip', 'mentionable': False, 'managed': True, 'id': '628537184508575754', 'hoist': False, 'color': 0}, {'position': 23, 'permissions': 2146959359, 'name': 'Owner', 'mentionable': False, 'managed': False, 'id': '631070146886369281', 'hoist': True, 'color': 7419530}, {'position': 22, 'permissions': 2146959175, 'name': 'Administrateur', 'mentionable': False, 'managed': False, 'id': '631070222144634890', 'hoist': True, 'color': 7419530}, {'position': 21, 'permissions': 125161281, 'name': 'Professeur', 'mentionable': False, 'managed': False, 'id': '631070358451257354', 'hoist': True, 'color': 15277667}, {'position': 19, 'permissions': 125161025, 'name': 'BDE', 'mentionable': True, 'managed': False, 'id': '631070392500486144', 'hoist': True, 'color': 16761088}, {'position': 18, 'permissions': 104189505, 'name': 'I2', 'mentionable': True, 'managed': False, 'id': '631070451321536532', 'hoist': True, 'color': 65389}, {'position': 17, 'permissions': 104189505, 'name': 'I2 ENG', 'mentionable': True, 'managed': False, 'id': '631070486247505921', 'hoist': True, 'color': 65389}, {'position': 15, 'permissions': 104189505, 'name': 'I1', 'mentionable': True, 'managed': False, 'id': '631070520233820162', 'hoist': True, 'color': 46926}, {'position': 14, 'permissions': 104189505, 'name': 'I1 ENG', 'mentionable': True, 'managed': False, 'id': '631070547467567105', 'hoist': True, 'color': 46926}, {'position': 16, 'permissions': 104189505, 'name': 'WIS5', 'mentionable': True, 'managed': False, 'id': '631070588710158346', 'hoist': True, 'color': 15145170}, {'position': 13, 'permissions': 104189505, 'name': 'WIS4', 'mentionable': True, 'managed': False, 'id': '631070660814307328', 'hoist': True, 'color': 14686412}, {'position': 12, 'permissions': 104189505, 'name': 'B3', 'mentionable': True, 'managed': False, 'id': '631070700890750986', 'hoist': True, 'color': 51705}, {'position': 11, 'permissions': 104189505, 'name': 'B3 ENG', 'mentionable': True, 'managed': False, 'id': '631070731307843584', 'hoist': True, 'color': 51705}, {'position': 10, 'permissions': 104189505, 'name': 'WIS3', 'mentionable': True, 'managed': False, 'id': '631070756478124072', 'hoist': True, 'color': 13375929}, {'position': 9, 'permissions': 104189505, 'name': 'B2', 'mentionable': True, 'managed': False, 'id': '631070827122524163', 'hoist': True, 'color': 37557}, {'position': 8, 'permissions': 104189505, 'name': 'B2 ENG', 'mentionable': True, 'managed': False, 'id': '631070854226247680', 'hoist': True, 'color': 37557}, {'position': 7, 'permissions': 104189505, 'name': 'WIS2', 'mentionable': True, 'managed': False, 'id': '631070879295471616', 'hoist': True, 'color': 12133801}, {'position': 6, 'permissions': 104189505, 'name': 'B1', 'mentionable': True, 'managed': False, 'id': '631071266606022666', 'hoist': True, 'color': 26753}, {'position': 4, 'permissions': 104189505, 'name': 'WIS1', 'mentionable': True, 'managed': False, 'id': '631071292736405524', 'hoist': True, 'color': 10231951}, {'position': 3, 'permissions': 104320577, 'name': 'Délégué', 'mentionable': False, 'managed': False, 'id': '631071341956694016', 'hoist': False, 'color': 15844367}, {'position': 5, 'permissions': 104189505, 'name': 'B1 ENG', 'mentionable': True, 'managed': False, 'id': '631077597618372622', 'hoist': True, 'color': 26753}, {'position': 2, 'permissions': 104324673, 'name': 'Nouveau', 'mentionable': True, 'managed': False, 'id': '631077806528397313', 'hoist': True, 'color': 6323595}, {'position': 1, 'permissions': 2080894161, 'name': "MSQBots EPSI's edition", 'mentionable': False, 'managed': True, 'id': '632590895031517194', 'hoist': False, 'color': 0}], 'large': False, 'mfa_level': 0, 'explicit_content_filter': 0, 'vanity_url_code': None, 'description': None, 'discovery_splash': None, 'id': '544883206135087105', 'verification_level': 0, 'members': [{'user': {'username': 'aymnms', 'id': '103161462633037824', 'discriminator': '9946', 'avatar': '9a22588444ebde5e7f39d7e57e8efae3'}, 'roles': [], 'nick': 'le roi des bouzoulas', 'mute': False, 'joined_at': '2019-02-12T14:11:19.871000+00:00', 'hoisted_role': None, 'deaf': False}, {'user': {'username': 'Basile', 'id': '159346574164492288', 'discriminator': '4806', 'avatar': '6c5c1714b7f73a9ef42bbddc3d8c2eab'}, 'roles': [], 'mute': False, 'joined_at': '2019-03-22T14:16:20.221000+00:00', 'hoisted_role': None, 'deaf': False}, {'user': {'username': 'TheJulienM', 'id': '220555051855380480', 'discriminator': '1721', 'avatar': 'de2073fde37bb8111f056b6efac56cc9'}, 'roles': [], 'mute': False, 'joined_at': '2019-04-09T07:18:48.043000+00:00', 'hoisted_role': None, 'deaf': False}, {'user': {'username': 'Bob Harris (Nicolaï)', 'id': '347560396258934786', 'discriminator': '3149', 'avatar': '0cc6f69c70b436ad97379402921cad90'}, 'roles': [], 'mute': False, 'joined_at': '2019-04-09T07:19:24.239000+00:00', 'hoisted_role': None, 'deaf': False}, {'user': {'username': 'MSQbots - EPSI edition', 'id': '414352738550415370', 'discriminator': '1573', 'bot': True, 'avatar': 'c6b901546f96be93269c64d5af5071b5'}, 'roles': ['632590895031517194'], 'mute': False, 'joined_at': '2019-10-12T14:50:22.317000+00:00', 'hoisted_role': None, 'deaf': False}, {'user': {'username': 'darkangel123', 'id': '493698363322007572', 'discriminator': '6451', 'avatar': 'a4aff468a145a968eba96bfd4b6c8be0'}, 'roles': [], 'mute': False, 'joined_at': '2019-04-09T07:18:24.962000+00:00', 'hoisted_role': None, 'deaf': False}, {'user': {'username': 'titouan.s', 'id': '502052466196742144', 'discriminator': '0808', 'avatar': None}, 'roles': [], 'mute': False, 'joined_at': '2019-04-09T07:18:44.739000+00:00', 'hoisted_role': None, 'deaf': False}, {'user': {'username': 'Bot Pronote', 'id': '544885569004765214', 'discriminator': '3944', 'bot': True, 'avatar': 'c29d3344b95eef40972bfc894d7f50d6'}, 'roles': ['544891195810381844'], 'mute': False, 'joined_at': '2019-02-12T14:43:04.642000+00:00', 'hoisted_role': '544891195810381844', 'deaf': False}, {'user': {'username': 'Bottle Flip', 'id': '565419823857926157', 'discriminator': '2791', 'bot': True, 'avatar': '5dcee05902584ad09a14abc70ab64028'}, 'roles': ['628537184508575754'], 'mute': False, 'joined_at': '2019-10-01T10:22:22.390000+00:00', 'hoisted_role': None, 'deaf': False}], 'owner_id': '103161462633037824', 'member_count': 9, 'icon': '9ada3445154c96f6515d3cca3a2a0b5c'}}
2019-12-07 19:22:06,206:DEBUG:discord.client: Dispatching event socket_response
2019-12-07 19:22:06,206:DEBUG:discord.client: Dispatching event guild_available
2019-12-07 19:22:08,206:DEBUG:discord.client: Dispatching event ready
2019-12-07 19:22:08,206:DEBUG:discord.gateway: Sending "{"op":3,"d":{"game":{"type":0,"name":"Developper Mode","timestamps":{}},"afk":false,"since":0.0,"status":"online"}}" to change status
2019-12-07 19:22:08,206:DEBUG:discord.client: Dispatching event socket_raw_send
2019-12-07 19:22:08,206:DEBUG:websockets.protocol: client > Frame(fin=True, opcode=1, data=b'{"op":3,"d":{"game":{"type":0,"name":"Developper Mode","timestamps":{}},"afk":false,"since":0.0,"status":"online"}}', rsv1=False, rsv2=False, rsv3=False)
2019-12-07 19:22:11,085:DEBUG:discord.gateway: Keeping websocket alive with sequence 3.
2019-12-07 19:22:11,085:DEBUG:discord.client: Dispatching event socket_raw_send
2019-12-07 19:22:11,086:DEBUG:websockets.protocol: client > Frame(fin=True, opcode=1, data=b'{"op":1,"d":3}', rsv1=False, rsv2=False, rsv3=False)
2019-12-07 19:22:11,191:DEBUG:websockets.protocol: client < Frame(fin=True, opcode=2, data=b'"f\xff\x0f\x00\x00\x00\xff\xff', rsv1=False, rsv2=False, rsv3=False)
2019-12-07 19:22:11,191:DEBUG:discord.client: Dispatching event socket_raw_receive
2019-12-07 19:22:11,191:DEBUG:discord.gateway: For Shard ID None: WebSocket Event: {'t': None, 's': None, 'op': 11, 'd': None}
2019-12-07 19:22:11,191:DEBUG:discord.client: Dispatching event socket_response
2019-12-07 19:22:52,336:DEBUG:discord.gateway: Keeping websocket alive with sequence 3.
2019-12-07 19:22:52,336:DEBUG:discord.client: Dispatching event socket_raw_send
2019-12-07 19:22:52,336:DEBUG:websockets.protocol: client > Frame(fin=True, opcode=1, data=b'{"op":1,"d":3}', rsv1=False, rsv2=False, rsv3=False)
2019-12-07 19:22:52,442:DEBUG:websockets.protocol: client < Frame(fin=True, opcode=2, data=b'"F\r\x00\x00\x00\xff\xff', rsv1=False, rsv2=False, rsv3=False)
2019-12-07 19:22:52,442:DEBUG:discord.client: Dispatching event socket_raw_receive
2019-12-07 19:22:52,442:DEBUG:discord.gateway: For Shard ID None: WebSocket Event: {'t': None, 's': None, 'op': 11, 'd': None}
2019-12-07 19:22:52,442:DEBUG:discord.client: Dispatching event socket_response
2019-12-07 19:23:33,586:DEBUG:discord.gateway: Keeping websocket alive with sequence 3.
2019-12-07 19:23:33,586:DEBUG:discord.client: Dispatching event socket_raw_send
2019-12-07 19:23:33,586:DEBUG:websockets.protocol: client > Frame(fin=True, opcode=1, data=b'{"op":1,"d":3}', rsv1=False, rsv2=False, rsv3=False)
2019-12-07 19:23:33,692:DEBUG:websockets.protocol: client < Frame(fin=True, opcode=2, data=b'"F\r\x00\x00\x00\xff\xff', rsv1=False, rsv2=False, rsv3=False)
2019-12-07 19:23:33,692:DEBUG:discord.client: Dispatching event socket_raw_receive
2019-12-07 19:23:33,692:DEBUG:discord.gateway: For Shard ID None: WebSocket Event: {'t': None, 's': None, 'op': 11, 'd': None}
2019-12-07 19:23:33,692:DEBUG:discord.client: Dispatching event socket_response
2019-12-07 19:24:14,836:DEBUG:discord.gateway: Keeping websocket alive with sequence 3.
2019-12-07 19:24:14,836:DEBUG:discord.client: Dispatching event socket_raw_send
2019-12-07 19:24:14,836:DEBUG:websockets.protocol: client > Frame(fin=True, opcode=1, data=b'{"op":1,"d":3}', rsv1=False, rsv2=False, rsv3=False)
2019-12-07 19:24:14,945:DEBUG:websockets.protocol: client < Frame(fin=True, opcode=2, data=b'"F\r\x00\x00\x00\xff\xff', rsv1=False, rsv2=False, rsv3=False)
2019-12-07 19:24:14,945:DEBUG:discord.client: Dispatching event socket_raw_receive
2019-12-07 19:24:14,945:DEBUG:discord.gateway: For Shard ID None: WebSocket Event: {'t': None, 's': None, 'op': 11, 'd': None}
2019-12-07 19:24:14,945:DEBUG:discord.client: Dispatching event socket_response
2019-12-07 19:24:56,087:DEBUG:discord.gateway: Keeping websocket alive with sequence 3.
2019-12-07 19:24:56,087:DEBUG:discord.client: Dispatching event socket_raw_send
2019-12-07 19:24:56,087:DEBUG:websockets.protocol: client > Frame(fin=True, opcode=1, data=b'{"op":1,"d":3}', rsv1=False, rsv2=False, rsv3=False)
2019-12-07 19:24:56,196:DEBUG:websockets.protocol: client < Frame(fin=True, opcode=2, data=b'"F\r\x00\x00\x00\xff\xff', rsv1=False, rsv2=False, rsv3=False)
2019-12-07 19:24:56,197:DEBUG:discord.client: Dispatching event socket_raw_receive
2019-12-07 19:24:56,197:DEBUG:discord.gateway: For Shard ID None: WebSocket Event: {'t': None, 's': None, 'op': 11, 'd': None}
2019-12-07 19:24:56,197:DEBUG:discord.client: Dispatching event socket_response
2019-12-07 19:25:37,337:DEBUG:discord.gateway: Keeping websocket alive with sequence 3.
2019-12-07 19:25:37,337:DEBUG:discord.client: Dispatching event socket_raw_send
2019-12-07 19:25:37,337:DEBUG:websockets.protocol: client > Frame(fin=True, opcode=1, data=b'{"op":1,"d":3}', rsv1=False, rsv2=False, rsv3=False)
2019-12-07 19:25:37,449:DEBUG:websockets.protocol: client < Frame(fin=True, opcode=2, data=b'"F\r\x00\x00\x00\xff\xff', rsv1=False, rsv2=False, rsv3=False)
2019-12-07 19:25:37,449:DEBUG:discord.client: Dispatching event socket_raw_receive
2019-12-07 19:25:37,449:DEBUG:discord.gateway: For Shard ID None: WebSocket Event: {'t': None, 's': None, 'op': 11, 'd': None}
2019-12-07 19:25:37,449:DEBUG:discord.client: Dispatching event socket_response
2019-12-07 19:26:18,588:DEBUG:discord.gateway: Keeping websocket alive with sequence 3.
2019-12-07 19:26:18,588:DEBUG:discord.client: Dispatching event socket_raw_send
2019-12-07 19:26:18,588:DEBUG:websockets.protocol: client > Frame(fin=True, opcode=1, data=b'{"op":1,"d":3}', rsv1=False, rsv2=False, rsv3=False)
2019-12-07 19:26:18,698:DEBUG:websockets.protocol: client < Frame(fin=True, opcode=2, data=b'"F\r\x00\x00\x00\xff\xff', rsv1=False, rsv2=False, rsv3=False)
2019-12-07 19:26:18,698:DEBUG:discord.client: Dispatching event socket_raw_receive
2019-12-07 19:26:18,698:DEBUG:discord.gateway: For Shard ID None: WebSocket Event: {'t': None, 's': None, 'op': 11, 'd': None}
2019-12-07 19:26:18,698:DEBUG:discord.client: Dispatching event socket_response
2019-12-07 19:26:59,838:DEBUG:discord.gateway: Keeping websocket alive with sequence 3.
2019-12-07 19:26:59,838:DEBUG:discord.client: Dispatching event socket_raw_send
2019-12-07 19:26:59,838:DEBUG:websockets.protocol: client > Frame(fin=True, opcode=1, data=b'{"op":1,"d":3}', rsv1=False, rsv2=False, rsv3=False)
2019-12-07 19:26:59,959:DEBUG:websockets.protocol: client < Frame(fin=True, opcode=2, data=b'"F\r\x00\x00\x00\xff\xff', rsv1=False, rsv2=False, rsv3=False)
2019-12-07 19:26:59,960:DEBUG:discord.client: Dispatching event socket_raw_receive
2019-12-07 19:26:59,960:DEBUG:discord.gateway: For Shard ID None: WebSocket Event: {'t': None, 's': None, 'op': 11, 'd': None}
2019-12-07 19:26:59,960:DEBUG:discord.client: Dispatching event socket_response
2019-12-07 19:27:41,089:DEBUG:discord.gateway: Keeping websocket alive with sequence 3.
2019-12-07 19:27:41,089:DEBUG:discord.client: Dispatching event socket_raw_send
2019-12-07 19:27:41,089:DEBUG:websockets.protocol: client > Frame(fin=True, opcode=1, data=b'{"op":1,"d":3}', rsv1=False, rsv2=False, rsv3=False)
2019-12-07 19:27:41,195:DEBUG:websockets.protocol: client < Frame(fin=True, opcode=2, data=b'"F\r\x00\x00\x00\xff\xff', rsv1=False, rsv2=False, rsv3=False)
2019-12-07 19:27:41,195:DEBUG:discord.client: Dispatching event socket_raw_receive
2019-12-07 19:27:41,195:DEBUG:discord.gateway: For Shard ID None: WebSocket Event: {'t': None, 's': None, 'op': 11, 'd': None}
2019-12-07 19:27:41,195:DEBUG:discord.client: Dispatching event socket_response
2019-12-07 19:28:22,340:DEBUG:discord.gateway: Keeping websocket alive with sequence 3.
2019-12-07 19:28:22,340:DEBUG:discord.client: Dispatching event socket_raw_send
2019-12-07 19:28:22,340:DEBUG:websockets.protocol: client > Frame(fin=True, opcode=1, data=b'{"op":1,"d":3}', rsv1=False, rsv2=False, rsv3=False)
2019-12-07 19:28:22,449:DEBUG:websockets.protocol: client < Frame(fin=True, opcode=2, data=b'"F\r\x00\x00\x00\xff\xff', rsv1=False, rsv2=False, rsv3=False)
2019-12-07 19:28:22,450:DEBUG:discord.client: Dispatching event socket_raw_receive
2019-12-07 19:28:22,450:DEBUG:discord.gateway: For Shard ID None: WebSocket Event: {'t': None, 's': None, 'op': 11, 'd': None}
2019-12-07 19:28:22,450:DEBUG:discord.client: Dispatching event socket_response
2019-12-07 19:29:03,590:DEBUG:discord.gateway: Keeping websocket alive with sequence 3.
2019-12-07 19:29:03,590:DEBUG:discord.client: Dispatching event socket_raw_send
2019-12-07 19:29:03,590:DEBUG:websockets.protocol: client > Frame(fin=True, opcode=1, data=b'{"op":1,"d":3}', rsv1=False, rsv2=False, rsv3=False)
2019-12-07 19:29:03,698:DEBUG:websockets.protocol: client < Frame(fin=True, opcode=2, data=b'"F\r\x00\x00\x00\xff\xff', rsv1=False, rsv2=False, rsv3=False)
2019-12-07 19:29:03,698:DEBUG:discord.client: Dispatching event socket_raw_receive
2019-12-07 19:29:03,698:DEBUG:discord.gateway: For Shard ID None: WebSocket Event: {'t': None, 's': None, 'op': 11, 'd': None}
2019-12-07 19:29:03,698:DEBUG:discord.client: Dispatching event socket_response
2019-12-07 19:29:44,840:DEBUG:discord.gateway: Keeping websocket alive with sequence 3.
2019-12-07 19:29:44,840:DEBUG:discord.client: Dispatching event socket_raw_send
2019-12-07 19:29:44,840:DEBUG:websockets.protocol: client > Frame(fin=True, opcode=1, data=b'{"op":1,"d":3}', rsv1=False, rsv2=False, rsv3=False)
2019-12-07 19:29:44,946:DEBUG:websockets.protocol: client < Frame(fin=True, opcode=2, data=b'"F\r\x00\x00\x00\xff\xff', rsv1=False, rsv2=False, rsv3=False)
2019-12-07 19:29:44,946:DEBUG:discord.client: Dispatching event socket_raw_receive
2019-12-07 19:29:44,946:DEBUG:discord.gateway: For Shard ID None: WebSocket Event: {'t': None, 's': None, 'op': 11, 'd': None}
2019-12-07 19:29:44,946:DEBUG:discord.client: Dispatching event socket_response
2019-12-07 19:30:26,091:DEBUG:discord.gateway: Keeping websocket alive with sequence 3.
2019-12-07 19:30:26,091:DEBUG:discord.client: Dispatching event socket_raw_send
2019-12-07 19:30:26,091:DEBUG:websockets.protocol: client > Frame(fin=True, opcode=1, data=b'{"op":1,"d":3}', rsv1=False, rsv2=False, rsv3=False)
2019-12-07 19:30:26,199:DEBUG:websockets.protocol: client < Frame(fin=True, opcode=2, data=b'"F\r\x00\x00\x00\xff\xff', rsv1=False, rsv2=False, rsv3=False)
2019-12-07 19:30:26,199:DEBUG:discord.client: Dispatching event socket_raw_receive
2019-12-07 19:30:26,199:DEBUG:discord.gateway: For Shard ID None: WebSocket Event: {'t': None, 's': None, 'op': 11, 'd': None}
2019-12-07 19:30:26,199:DEBUG:discord.client: Dispatching event socket_response
2019-12-07 19:31:07,341:DEBUG:discord.gateway: Keeping websocket alive with sequence 3.
2019-12-07 19:31:07,341:DEBUG:discord.client: Dispatching event socket_raw_send
2019-12-07 19:31:07,341:DEBUG:websockets.protocol: client > Frame(fin=True, opcode=1, data=b'{"op":1,"d":3}', rsv1=False, rsv2=False, rsv3=False)
2019-12-07 19:31:07,449:DEBUG:websockets.protocol: client < Frame(fin=True, opcode=2, data=b'"F\r\x00\x00\x00\xff\xff', rsv1=False, rsv2=False, rsv3=False)
2019-12-07 19:31:07,449:DEBUG:discord.client: Dispatching event socket_raw_receive
2019-12-07 19:31:07,449:DEBUG:discord.gateway: For Shard ID None: WebSocket Event: {'t': None, 's': None, 'op': 11, 'd': None}
2019-12-07 19:31:07,449:DEBUG:discord.client: Dispatching event socket_response
2019-12-07 19:31:34,013:DEBUG:websockets.protocol: client < Frame(fin=True, opcode=2, data=b'\x82\xac\x81\n\x08r\rv\xf5sv\x8d\x0f\rp\x81/\x832A]\x065\xd0\xf5\t\xe6\x1a\x1a\xa4\x82\x19\xbce&\x1ew\x1f\x00\xefr\x9b\xdc\xfc\xa4LpY\x84s\xc5M-\x00\x00\x00\xff\xff', rsv1=False, rsv2=False, rsv3=False)
2019-12-07 19:31:34,014:DEBUG:discord.client: Dispatching event socket_raw_receive
2019-12-07 19:31:34,014:DEBUG:discord.gateway: For Shard ID None: WebSocket Event: {'t': 'PRESENCE_UPDATE', 's': 4, 'op': 0, 'd': {'user': {'username': 'darkangel123', 'id': '493698363322007572', 'discriminator': '6451', 'avatar': 'a4aff468a145a968eba96bfd4b6c8be0'}, 'status': 'online', 'roles': [], 'guild_id': '544883206135087105', 'game': None, 'client_status': {'mobile': 'online'}, 'activities': []}}
2019-12-07 19:31:34,014:DEBUG:discord.client: Dispatching event socket_response
2019-12-07 19:31:34,014:DEBUG:discord.client: Dispatching event member_update
2019-12-07 19:31:48,592:DEBUG:discord.gateway: Keeping websocket alive with sequence 4.
2019-12-07 19:31:48,592:DEBUG:discord.client: Dispatching event socket_raw_send
2019-12-07 19:31:48,592:DEBUG:websockets.protocol: client > Frame(fin=True, opcode=1, data=b'{"op":1,"d":4}', rsv1=False, rsv2=False, rsv3=False)
2019-12-07 19:31:48,698:DEBUG:websockets.protocol: client < Frame(fin=True, opcode=2, data=b'"&(\x01\x00\x00\x00\xff\xff', rsv1=False, rsv2=False, rsv3=False)
2019-12-07 19:31:48,698:DEBUG:discord.client: Dispatching event socket_raw_receive
2019-12-07 19:31:48,698:DEBUG:discord.gateway: For Shard ID None: WebSocket Event: {'t': None, 's': None, 'op': 11, 'd': None}
2019-12-07 19:31:48,698:DEBUG:discord.client: Dispatching event socket_response
2019-12-07 19:32:29,842:DEBUG:discord.gateway: Keeping websocket alive with sequence 4.
2019-12-07 19:32:29,842:DEBUG:discord.client: Dispatching event socket_raw_send
2019-12-07 19:32:29,842:DEBUG:websockets.protocol: client > Frame(fin=True, opcode=1, data=b'{"op":1,"d":4}', rsv1=False, rsv2=False, rsv3=False)
2019-12-07 19:32:29,982:DEBUG:websockets.protocol: client < Frame(fin=True, opcode=2, data=b'"F\r\x00\x00\x00\xff\xff', rsv1=False, rsv2=False, rsv3=False)
2019-12-07 19:32:29,983:DEBUG:discord.client: Dispatching event socket_raw_receive
2019-12-07 19:32:29,983:DEBUG:discord.gateway: For Shard ID None: WebSocket Event: {'t': None, 's': None, 'op': 11, 'd': None}
2019-12-07 19:32:29,983:DEBUG:discord.client: Dispatching event socket_response
2019-12-07 19:33:11,093:DEBUG:discord.gateway: Keeping websocket alive with sequence 4.
2019-12-07 19:33:11,093:DEBUG:discord.client: Dispatching event socket_raw_send
2019-12-07 19:33:11,093:DEBUG:websockets.protocol: client > Frame(fin=True, opcode=1, data=b'{"op":1,"d":4}', rsv1=False, rsv2=False, rsv3=False)
2019-12-07 19:33:11,206:DEBUG:websockets.protocol: client < Frame(fin=True, opcode=2, data=b'"F\r\x00\x00\x00\xff\xff', rsv1=False, rsv2=False, rsv3=False)
2019-12-07 19:33:11,206:DEBUG:discord.client: Dispatching event socket_raw_receive
2019-12-07 19:33:11,206:DEBUG:discord.gateway: For Shard ID None: WebSocket Event: {'t': None, 's': None, 'op': 11, 'd': None}
2019-12-07 19:33:11,206:DEBUG:discord.client: Dispatching event socket_response
2019-12-07 19:33:34,289:DEBUG:websockets.protocol: client < Frame(fin=True, opcode=2, data=b'\xc2\x13%\xa6\xd8\xa3\x04W\xc0\xa3\x84ZZ\x1au\x83\rK(\x01\x00\x00\x00\xff\xff', rsv1=False, rsv2=False, rsv3=False)
2019-12-07 19:33:34,289:DEBUG:discord.client: Dispatching event socket_raw_receive
2019-12-07 19:33:34,289:DEBUG:discord.gateway: For Shard ID None: WebSocket Event: {'t': 'PRESENCE_UPDATE', 's': 5, 'op': 0, 'd': {'user': {'id': '493698363322007572'}, 'status': 'offline', 'roles': [], 'guild_id': '544883206135087105', 'game': None, 'client_status': {}, 'activities': []}}
2019-12-07 19:33:34,289:DEBUG:discord.client: Dispatching event socket_response
2019-12-07 19:33:34,289:DEBUG:discord.client: Dispatching event member_update
2019-12-07 19:33:52,343:DEBUG:discord.gateway: Keeping websocket alive with sequence 5.
2019-12-07 19:33:52,343:DEBUG:discord.client: Dispatching event socket_raw_send
2019-12-07 19:33:52,343:DEBUG:websockets.protocol: client > Frame(fin=True, opcode=1, data=b'{"op":1,"d":5}', rsv1=False, rsv2=False, rsv3=False)
2019-12-07 19:33:52,455:DEBUG:websockets.protocol: client < Frame(fin=True, opcode=2, data=b'"\xc6w\x00\x00\x00\x00\xff\xff', rsv1=False, rsv2=False, rsv3=False)
2019-12-07 19:33:52,455:DEBUG:discord.client: Dispatching event socket_raw_receive
2019-12-07 19:33:52,455:DEBUG:discord.gateway: For Shard ID None: WebSocket Event: {'t': None, 's': None, 'op': 11, 'd': None}
2019-12-07 19:33:52,455:DEBUG:discord.client: Dispatching event socket_response
2019-12-07 19:34:26,126:DEBUG:websockets.protocol: client < Frame(fin=True, opcode=2, data=b'\xc2\xe3;\xb3\xd1\x04\x07\x0fJ\x00\x00\x00\x00\xff\xff', rsv1=False, rsv2=False, rsv3=False)
2019-12-07 19:34:26,126:DEBUG:discord.client: Dispatching event socket_raw_receive
2019-12-07 19:34:26,126:DEBUG:discord.gateway: For Shard ID None: WebSocket Event: {'t': 'PRESENCE_UPDATE', 's': 6, 'op': 0, 'd': {'user': {'username': 'darkangel123', 'id': '493698363322007572', 'discriminator': '6451', 'avatar': 'a4aff468a145a968eba96bfd4b6c8be0'}, 'status': 'online', 'roles': [], 'guild_id': '544883206135087105', 'game': None, 'client_status': {'mobile': 'online'}, 'activities': []}}
2019-12-07 19:34:26,126:DEBUG:discord.client: Dispatching event socket_response
2019-12-07 19:34:26,126:DEBUG:discord.client: Dispatching event member_update
2019-12-07 19:34:33,594:DEBUG:discord.gateway: Keeping websocket alive with sequence 6.
2019-12-07 19:34:33,594:DEBUG:discord.client: Dispatching event socket_raw_send
2019-12-07 19:34:33,594:DEBUG:websockets.protocol: client > Frame(fin=True, opcode=1, data=b'{"op":1,"d":6}', rsv1=False, rsv2=False, rsv3=False)
2019-12-07 19:34:33,699:DEBUG:websockets.protocol: client < Frame(fin=True, opcode=2, data=b'"&(\x01\x00\x00\x00\xff\xff', rsv1=False, rsv2=False, rsv3=False)
2019-12-07 19:34:33,699:DEBUG:discord.client: Dispatching event socket_raw_receive
2019-12-07 19:34:33,699:DEBUG:discord.gateway: For Shard ID None: WebSocket Event: {'t': None, 's': None, 'op': 11, 'd': None}
2019-12-07 19:34:33,700:DEBUG:discord.client: Dispatching event socket_response
2019-12-07 19:35:14,844:DEBUG:discord.gateway: Keeping websocket alive with sequence 6.
2019-12-07 19:35:14,844:DEBUG:discord.client: Dispatching event socket_raw_send
2019-12-07 19:35:14,844:DEBUG:websockets.protocol: client > Frame(fin=True, opcode=1, data=b'{"op":1,"d":6}', rsv1=False, rsv2=False, rsv3=False)
2019-12-07 19:35:14,953:DEBUG:websockets.protocol: client < Frame(fin=True, opcode=2, data=b'"F\r\x00\x00\x00\xff\xff', rsv1=False, rsv2=False, rsv3=False)
2019-12-07 19:35:14,953:DEBUG:discord.client: Dispatching event socket_raw_receive
2019-12-07 19:35:14,953:DEBUG:discord.gateway: For Shard ID None: WebSocket Event: {'t': None, 's': None, 'op': 11, 'd': None}
2019-12-07 19:35:14,953:DEBUG:discord.client: Dispatching event socket_response
2019-12-07 19:35:55,921:DEBUG:websockets.protocol: client < Frame(fin=True, opcode=2, data=b'\xc2\x13\xdc\xe6x\x12\x13Q{z\x08,\rF\n"\xac\x0b\xa0\x89\x0b"\x88U\x84v\x08\xd5\x02\x00\x00\x00\xff\xff', rsv1=False, rsv2=False, rsv3=False)
2019-12-07 19:35:55,921:DEBUG:discord.client: Dispatching event socket_raw_receive
2019-12-07 19:35:55,921:DEBUG:discord.gateway: For Shard ID None: WebSocket Event: {'t': 'PRESENCE_UPDATE', 's': 7, 'op': 0, 'd': {'user': {'id': '235775653838979076'}, 'status': 'dnd', 'roles': ['240542177799700480'], 'guild_id': '240532039785250816', 'game': None, 'client_status': {'mobile': 'dnd', 'desktop': 'dnd'}, 'activities': []}}
2019-12-07 19:35:55,921:DEBUG:discord.client: Dispatching event socket_response
2019-12-07 19:35:55,921:DEBUG:discord.client: Dispatching event member_update
2019-12-07 19:35:56,095:DEBUG:discord.gateway: Keeping websocket alive with sequence 7.
2019-12-07 19:35:56,095:DEBUG:discord.client: Dispatching event socket_raw_send
2019-12-07 19:35:56,095:DEBUG:websockets.protocol: client > Frame(fin=True, opcode=1, data=b'{"op":1,"d":7}', rsv1=False, rsv2=False, rsv3=False)
2019-12-07 19:35:56,205:DEBUG:websockets.protocol: client < Frame(fin=True, opcode=2, data=b'"&,\x00\x00\x00\x00\xff\xff', rsv1=False, rsv2=False, rsv3=False)
2019-12-07 19:35:56,205:DEBUG:discord.client: Dispatching event socket_raw_receive
2019-12-07 19:35:56,205:DEBUG:discord.gateway: For Shard ID None: WebSocket Event: {'t': None, 's': None, 'op': 11, 'd': None}
2019-12-07 19:35:56,205:DEBUG:discord.client: Dispatching event socket_response
2019-12-07 19:36:37,346:DEBUG:discord.gateway: Keeping websocket alive with sequence 7.
2019-12-07 19:36:37,346:DEBUG:discord.client: Dispatching event socket_raw_send
2019-12-07 19:36:37,346:DEBUG:websockets.protocol: client > Frame(fin=True, opcode=1, data=b'{"op":1,"d":7}', rsv1=False, rsv2=False, rsv3=False)
2019-12-07 19:36:37,454:DEBUG:websockets.protocol: client < Frame(fin=True, opcode=2, data=b'"F\r\x00\x00\x00\xff\xff', rsv1=False, rsv2=False, rsv3=False)
2019-12-07 19:36:37,454:DEBUG:discord.client: Dispatching event socket_raw_receive
2019-12-07 19:36:37,454:DEBUG:discord.gateway: For Shard ID None: WebSocket Event: {'t': None, 's': None, 'op': 11, 'd': None}
2019-12-07 19:36:37,454:DEBUG:discord.client: Dispatching event socket_response
2019-12-07 19:36:52,132:DEBUG:websockets.protocol: client < Frame(fin=True, opcode=2, data=b'\xc2\x13^\x16\x83;\xf3\x01\x00\x00\x00\xff\xff', rsv1=False, rsv2=False, rsv3=False)
2019-12-07 19:36:52,133:DEBUG:discord.client: Dispatching event socket_raw_receive
2019-12-07 19:36:52,133:DEBUG:discord.gateway: For Shard ID None: WebSocket Event: {'t': 'PRESENCE_UPDATE', 's': 8, 'op': 0, 'd': {'user': {'id': '493698363322007572'}, 'status': 'offline', 'roles': [], 'guild_id': '544883206135087105', 'game': None, 'client_status': {}, 'activities': []}}
2019-12-07 19:36:52,133:DEBUG:discord.client: Dispatching event socket_response
2019-12-07 19:36:52,133:DEBUG:discord.client: Dispatching event member_update
2019-12-07 19:36:55,617:DEBUG:websockets.protocol: client < Frame(fin=True, opcode=2, data=b'\xc2\xe3r\xcb\xd1\x8c\x05\x0f&\x00\x00\x00\x00\xff\xff', rsv1=False, rsv2=False, rsv3=False)
2019-12-07 19:36:55,618:DEBUG:discord.client: Dispatching event socket_raw_receive
2019-12-07 19:36:55,618:DEBUG:discord.gateway: For Shard ID None: WebSocket Event: {'t': 'PRESENCE_UPDATE', 's': 9, 'op': 0, 'd': {'user': {'username': 'darkangel123', 'id': '493698363322007572', 'discriminator': '6451', 'avatar': 'a4aff468a145a968eba96bfd4b6c8be0'}, 'status': 'online', 'roles': [], 'guild_id': '544883206135087105', 'game': None, 'client_status': {'mobile': 'online'}, 'activities': []}}
2019-12-07 19:36:55,618:DEBUG:discord.client: Dispatching event socket_response
2019-12-07 19:36:55,618:DEBUG:discord.client: Dispatching event member_update
2019-12-07 19:37:18,596:DEBUG:discord.gateway: Keeping websocket alive with sequence 9.
2019-12-07 19:37:18,596:DEBUG:discord.client: Dispatching event socket_raw_send
2019-12-07 19:37:18,596:DEBUG:websockets.protocol: client > Frame(fin=True, opcode=1, data=b'{"op":1,"d":9}', rsv1=False, rsv2=False, rsv3=False)
2019-12-07 19:37:18,705:DEBUG:websockets.protocol: client < Frame(fin=True, opcode=2, data=b'"&\x11\x00\x00\x00\x00\xff\xff', rsv1=False, rsv2=False, rsv3=False)
2019-12-07 19:37:18,705:DEBUG:discord.client: Dispatching event socket_raw_receive
2019-12-07 19:37:18,705:DEBUG:discord.gateway: For Shard ID None: WebSocket Event: {'t': None, 's': None, 'op': 11, 'd': None}
2019-12-07 19:37:18,705:DEBUG:discord.client: Dispatching event socket_response
2019-12-07 19:37:55,933:DEBUG:websockets.protocol: client < Frame(fin=True, opcode=2, data=b'\xc2\x13\x94\xa0)\x88\xc1\x9bk\x08f\x13\x00\x00\x00\x00\xff\xff', rsv1=False, rsv2=False, rsv3=False)
2019-12-07 19:37:55,934:DEBUG:discord.client: Dispatching event socket_raw_receive
2019-12-07 19:37:55,934:DEBUG:discord.gateway: For Shard ID None: WebSocket Event: {'t': 'PRESENCE_UPDATE', 's': 10, 'op': 0, 'd': {'user': {'id': '235775653838979076'}, 'status': 'dnd', 'roles': ['240542177799700480'], 'guild_id': '240532039785250816', 'game': None, 'client_status': {'desktop': 'dnd'}, 'activities': []}}
2019-12-07 19:37:55,934:DEBUG:discord.client: Dispatching event socket_response
2019-12-07 19:37:55,934:DEBUG:discord.client: Dispatching event member_update
2019-12-07 19:37:59,847:DEBUG:discord.gateway: Keeping websocket alive with sequence 10.
2019-12-07 19:37:59,847:DEBUG:discord.client: Dispatching event socket_raw_send
2019-12-07 19:37:59,847:DEBUG:websockets.protocol: client > Frame(fin=True, opcode=1, data=b'{"op":1,"d":10}', rsv1=False, rsv2=False, rsv3=False)
2019-12-07 19:37:59,953:DEBUG:websockets.protocol: client < Frame(fin=True, opcode=2, data=b'"\xc6\xf7\x00\x00\x00\x00\xff\xff', rsv1=False, rsv2=False, rsv3=False)
2019-12-07 19:37:59,953:DEBUG:discord.client: Dispatching event socket_raw_receive
2019-12-07 19:37:59,953:DEBUG:discord.gateway: For Shard ID None: WebSocket Event: {'t': None, 's': None, 'op': 11, 'd': None}
2019-12-07 19:37:59,953:DEBUG:discord.client: Dispatching event socket_response
